<?xml version="1.0" encoding="UTF-8"?>
<testng-results total="2" passed="2" failed="0" skipped="0">
  <reporter-output>
  </reporter-output>
  <suite started-at="2021-06-25T08:48:27Z" name="Upstox Pro Web Login Test Suite" finished-at="2021-06-25T08:57:11Z" duration-ms="523767">
    <groups>
    </groups>
    <test started-at="2021-06-25T08:48:27Z" name="Test" finished-at="2021-06-25T08:57:11Z" duration-ms="523767">
      <class name="page.test.WallethubTest">
        <test-method is-config="true" signature="setup(java.lang.String, java.lang.String, java.lang.String)[pri:0, instance:page.test.WallethubTest@2525ff7e]" started-at="2021-06-25T14:18:12Z" name="setup" finished-at="2021-06-25T14:18:27Z" duration-ms="15020" status="PASS">
          <params>
            <param index="0">
              <value>
                <![CDATA[./Report/]]>
              </value>
            </param>
            <param index="1">
              <value>
                <![CDATA[./ScreenShot/]]>
              </value>
            </param>
            <param index="2">
              <value>
                <![CDATA[https://wallethub.com/join/light]]>
              </value>
            </param>
          </params>
          <reporter-output>
          </reporter-output>
        </test-method> <!-- setup -->
        <test-method is-config="true" signature="beforeclass()[pri:0, instance:page.test.WallethubTest@2525ff7e]" started-at="2021-06-25T14:18:27Z" name="beforeclass" finished-at="2021-06-25T14:18:27Z" duration-ms="88" status="PASS">
          <reporter-output>
          </reporter-output>
        </test-method> <!-- beforeclass -->
        <test-method is-config="true" signature="nameBefore(java.lang.reflect.Method)[pri:0, instance:page.test.WallethubTest@2525ff7e]" started-at="2021-06-25T14:18:27Z" name="nameBefore" finished-at="2021-06-25T14:18:27Z" duration-ms="2" status="PASS">
          <params>
            <param index="0">
              <value>
                <![CDATA[public static void page.test.WallethubTest.Signup() throws java.lang.Exception]]>
              </value>
            </param>
          </params>
          <reporter-output>
          </reporter-output>
        </test-method> <!-- nameBefore -->
        <test-method signature="Signup()[pri:0, instance:page.test.WallethubTest@2525ff7e]" started-at="2021-06-25T14:18:27Z" name="Signup" description="Sign up with light user" finished-at="2021-06-25T14:18:39Z" duration-ms="11656" status="PASS">
          <reporter-output>
          </reporter-output>
        </test-method> <!-- Signup -->
        <test-method is-config="true" signature="afterMethod(org.testng.ITestResult)[pri:0, instance:page.test.WallethubTest@2525ff7e]" started-at="2021-06-25T14:18:39Z" name="afterMethod" finished-at="2021-06-25T14:18:39Z" duration-ms="151" status="PASS">
          <params>
            <param index="0">
              <value>
                <![CDATA[[TestResult name=Signup status=SUCCESS method=WallethubTest.Signup()[pri:0, instance:page.test.WallethubTest@2525ff7e] output={null}]]]>
              </value>
            </param>
          </params>
          <reporter-output>
          </reporter-output>
        </test-method> <!-- afterMethod -->
        <test-method is-config="true" signature="nameBefore(java.lang.reflect.Method)[pri:0, instance:page.test.WallethubTest@2525ff7e]" started-at="2021-06-25T14:18:39Z" name="nameBefore" finished-at="2021-06-25T14:18:39Z" duration-ms="0" status="PASS">
          <params>
            <param index="0">
              <value>
                <![CDATA[public static void page.test.WallethubTest.InsuranceCompanyPage() throws java.lang.Exception]]>
              </value>
            </param>
          </params>
          <reporter-output>
          </reporter-output>
        </test-method> <!-- nameBefore -->
        <test-method signature="InsuranceCompanyPage()[pri:1, instance:page.test.WallethubTest@2525ff7e]" started-at="2021-06-25T14:18:39Z" name="InsuranceCompanyPage" description="Navigate to Test Insurance Company and write review and verify" finished-at="2021-06-25T14:27:11Z" duration-ms="511824" status="PASS">
          <reporter-output>
          </reporter-output>
        </test-method> <!-- InsuranceCompanyPage -->
        <test-method is-config="true" signature="afterMethod(org.testng.ITestResult)[pri:0, instance:page.test.WallethubTest@2525ff7e]" started-at="2021-06-25T14:27:11Z" name="afterMethod" finished-at="2021-06-25T14:27:11Z" duration-ms="34" status="PASS">
          <params>
            <param index="0">
              <value>
                <![CDATA[[TestResult name=InsuranceCompanyPage status=SUCCESS method=WallethubTest.InsuranceCompanyPage()[pri:1, instance:page.test.WallethubTest@2525ff7e] output={null}]]]>
              </value>
            </param>
          </params>
          <reporter-output>
          </reporter-output>
        </test-method> <!-- afterMethod -->
        <test-method is-config="true" signature="tearDown()[pri:0, instance:page.test.WallethubTest@2525ff7e]" started-at="2021-06-25T14:27:16Z" name="tearDown" finished-at="2021-06-25T14:27:16Z" duration-ms="133" status="PASS">
          <reporter-output>
          </reporter-output>
        </test-method> <!-- tearDown -->
      </class> <!-- page.test.WallethubTest -->
    </test> <!-- Test -->
  </suite> <!-- Upstox Pro Web Login Test Suite -->
</testng-results>
